[31144:27660:0530/224658.041:WARNING:CONSOLE(0)] "The page delivered both an 'X-Frame-Options' header and a 'Content-Security-Policy' header with a 'frame-ancestors' directive. Although the 'X-Frame-Options' header alone would have blocked embedding, it has been ignored.", source: chrome-untrusted://new-tab-page/custom_background_image?url= (0)
[31144:27660:0530/224658.172:ERROR:device_event_log_impl.cc(214)] [22:46:58.172] USB: usb_device_handle_win.cc:1058 Failed to read descriptor from node connection: A device attached to the system is not functioning. (0x1F)
[31144:27660:0530/224658.805:INFO:CONSOLE(1)] "constructor: ZStorage", source: https://zalo-chat-static.zadn.vn/v1/lazy/default-embed-render.6514012bbecb8cbc1e80.js (1)
[31144:27660:0530/224659.115:INFO:CONSOLE(1)] "%cDừng lại! color:red; font-size:60px; font-weight: bold; -webkit-text-stroke: 1px var(--neutral-300);", source: https://zalo-chat-static.zadn.vn/v1/lazy/default-embed-render.6514012bbecb8cbc1e80.js (1)
[31144:27660:0530/224659.115:INFO:CONSOLE(1)] "%cĐây là một tính năng của trình duyệt dành cho các nhà phát triển. Nếu ai đó bảo bạn sao chép-dán nội dung nào đó vào đây để bật một tính năng của Zalo hoặc "hack" tài khoản của người khác, thì đó là hành vi lừa đảo và sẽ khiến họ có thể truy cập vào tài khoản Zalo của bạn. font-size: 18px;", source: https://zalo-chat-static.zadn.vn/v1/lazy/default-embed-render.6514012bbecb8cbc1e80.js (1)
[31144:27660:0530/224659.115:INFO:CONSOLE(1)] "%cTruy cập https://zalo.me/faq.html để biết thêm thông tin. font-size: 18px;", source: https://zalo-chat-static.zadn.vn/v1/lazy/default-embed-render.6514012bbecb8cbc1e80.js (1)
[31144:27660:0530/224659.127:INFO:CONSOLE(1)] "constructor: chatapp", source: https://zalo-chat-static.zadn.vn/v1/lazy/default-embed-render.6514012bbecb8cbc1e80.js (1)
[31144:27660:0530/224659.172:INFO:CONSOLE(29)] "User logged", source: https://chat.zalo.me/ (29)
[31144:27660:0530/224659.185:INFO:CONSOLE(1)] "db don't need to upgrade. start immediately", source: https://zalo-chat-static.zadn.vn/v1/lazy/default-embed-render.6514012bbecb8cbc1e80.js (1)
[31144:27660:0530/224659.185:INFO:CONSOLE(1)] "db don't need to upgrade. start immediately", source: https://zalo-chat-static.zadn.vn/v1/lazy/default-embed-render.6514012bbecb8cbc1e80.js (1)
[31144:27660:0530/224659.187:INFO:CONSOLE(1)] "ImplHandler: run job: at store: info-cache  action:  getAll [object Object]", source: https://zalo-chat-static.zadn.vn/v1/lazy/default-embed-render.6514012bbecb8cbc1e80.js (1)
[31144:27660:0530/224659.188:INFO:CONSOLE(1)] "ImplHandler: run job: at store: friend-blocked  action:  getAll [object Object]", source: https://zalo-chat-static.zadn.vn/v1/lazy/default-embed-render.6514012bbecb8cbc1e80.js (1)
[31144:27660:0530/224659.188:INFO:CONSOLE(1)] "ImplHandler: run job: at store: retry-cache  action:  getAll [object Object]", source: https://zalo-chat-static.zadn.vn/v1/lazy/default-embed-render.6514012bbecb8cbc1e80.js (1)
[31144:27660:0530/224659.189:INFO:CONSOLE(1)] "ImplHandler: run job: at store: db-stchecksum  action:  getAll [object Object]", source: https://zalo-chat-static.zadn.vn/v1/lazy/default-embed-render.6514012bbecb8cbc1e80.js (1)
[31144:27660:0530/224659.189:INFO:CONSOLE(1)] "db don't need to upgrade. start immediately", source: https://zalo-chat-static.zadn.vn/v1/lazy/default-embed-render.6514012bbecb8cbc1e80.js (1)
[31144:27660:0530/224659.190:INFO:CONSOLE(1)] "ImplHandler: run job: at store: effect_res  action:  getAll [object Object]", source: https://zalo-chat-static.zadn.vn/v1/lazy/default-embed-render.6514012bbecb8cbc1e80.js (1)
[31144:27660:0530/224659.190:INFO:CONSOLE(1)] "ImplHandler: run job: at store: live_emoji  action:  getAll [object Object]", source: https://zalo-chat-static.zadn.vn/v1/lazy/default-embed-render.6514012bbecb8cbc1e80.js (1)
[31144:27660:0530/224659.191:INFO:CONSOLE(1)] "ImplHandler: run job: at store: unread_react  action:  getAll [object Object]", source: https://zalo-chat-static.zadn.vn/v1/lazy/default-embed-render.6514012bbecb8cbc1e80.js (1)
[31144:27660:0530/224659.415:INFO:CONSOLE(1)] "db don't need to upgrade. start immediately", source: https://zalo-chat-static.zadn.vn/v1/lazy/default-embed-render.6514012bbecb8cbc1e80.js (1)
[31144:27660:0530/224659.415:INFO:CONSOLE(1)] "ImplHandler: run job: at store: friend  action:  getAll [object Object]", source: https://zalo-chat-static.zadn.vn/v1/lazy/default-embed-render.6514012bbecb8cbc1e80.js (1)
[31144:27660:0530/224659.415:INFO:CONSOLE(1)] "ImplHandler: run job: at store: conversation  action:  getAll [object Object]", source: https://zalo-chat-static.zadn.vn/v1/lazy/default-embed-render.6514012bbecb8cbc1e80.js (1)
[31144:27660:0530/224659.416:INFO:CONSOLE(1)] "ImplHandler: run job: at store: friend  action:  get [object Object]", source: https://zalo-chat-static.zadn.vn/v1/lazy/default-embed-render.6514012bbecb8cbc1e80.js (1)
[31144:27660:0530/224659.416:INFO:CONSOLE(1)] "ImplHandler: run job: at store: friend  action:  get [object Object]", source: https://zalo-chat-static.zadn.vn/v1/lazy/default-embed-render.6514012bbecb8cbc1e80.js (1)
[31144:27660:0530/224659.424:INFO:CONSOLE(1)] "db don't need to upgrade. start immediately", source: https://zalo-chat-static.zadn.vn/v1/lazy/default-embed-render.6514012bbecb8cbc1e80.js (1)
[31144:27660:0530/224659.425:INFO:CONSOLE(1)] "ImplHandler: run job: at store: unreadInfo  action:  getAll [object Object]", source: https://zalo-chat-static.zadn.vn/v1/lazy/default-embed-render.6514012bbecb8cbc1e80.js (1)
[31144:27660:0530/224659.425:INFO:CONSOLE(1)] "db don't need to upgrade. start immediately", source: https://zalo-chat-static.zadn.vn/v1/lazy/default-embed-render.6514012bbecb8cbc1e80.js (1)
[31144:27660:0530/224659.429:INFO:CONSOLE(1)] "ImplHandler: run job: at store: qoslogv2  action:  runTransaction [object Object]", source: https://zalo-chat-static.zadn.vn/v1/lazy/default-embed-render.6514012bbecb8cbc1e80.js (1)
[31144:27660:0530/224659.430:INFO:CONSOLE(1)] "ImplHandler: run job: at store: qoslogv2  action:  runTransaction [object Object]", source: https://zalo-chat-static.zadn.vn/v1/lazy/default-embed-render.6514012bbecb8cbc1e80.js (1)
[31144:27660:0530/224659.597:INFO:CONSOLE(1)] "ImplHandler: run job: at store: idx_queue  action:  getAll [object Object]", source: https://zalo-chat-static.zadn.vn/v1/lazy/default-embed-render.6514012bbecb8cbc1e80.js (1)
[31144:27660:0530/224659.598:INFO:CONSOLE(1)] "db don't need to upgrade. start immediately", source: https://chat.zalo.me/search-worker.f306a78499ae47bbf6bb.js (1)
[31144:27660:0530/224659.685:INFO:CONSOLE(1)] "ImplHandler: run job: at store: stcont  action:  runTransaction [object Object]", source: https://chat.zalo.me/search-worker.f306a78499ae47bbf6bb.js (1)
[31144:27660:0530/224659.685:INFO:CONSOLE(1)] "ImplHandler: run job: at store: stkw  action:  runTransaction [object Object]", source: https://chat.zalo.me/search-worker.f306a78499ae47bbf6bb.js (1)
[31144:27660:0530/224659.691:INFO:CONSOLE(1)] "ImplHandler: run job: at store: message  action:  addIfNotExists [object Object]", source: https://zalo-chat-static.zadn.vn/v1/lazy/default-embed-render.6514012bbecb8cbc1e80.js (1)
[31144:27660:0530/224659.693:INFO:CONSOLE(1)] "ImplHandler: run job: at store: conversation  action:  runTransaction [object Object]", source: https://zalo-chat-static.zadn.vn/v1/lazy/default-embed-render.6514012bbecb8cbc1e80.js (1)
[31144:27660:0530/224659.695:INFO:CONSOLE(1)] "ImplHandler: run job: at store: message,conversation,star_message,mention,image,file,link,notifications  action:  runTransaction [object Object]", source: https://zalo-chat-static.zadn.vn/v1/lazy/default-embed-render.6514012bbecb8cbc1e80.js (1)
[31144:27660:0530/224659.708:INFO:CONSOLE(39)] "Refused to connect to 'https://www.google-analytics.com/j/collect?v=1&_v=j90&a=2095682997&t=pageview&_s=1&dl=https%3A%2F%2Fchat.zalo.me%2F&ul=en-us&de=UTF-8&dt=Zalo%20Web&sd=24-bit&sr=1536x864&vp=1042x726&je=0&_u=AAEAAEABAAAAAC~&jid=1716737876&gjid=1367145111&cid=325617619.1622371123&tid=UA-64231411-8&_gid=1367678515.1622371123&_r=1&_slc=1&z=1011144435' because it violates the following Content Security Policy directive: "connect-src 'self' *.zalo.me *.zdn.vn *.zadn.vn *.zaloapp.com *.zing.vn *.dropboxapi.com *.google.com *.baomoi.com *.zingtv.vn *.zingmp3.vn zingmp3.vn blob:".
", source: https://www.google-analytics.com/analytics.js (39)
[31144:27660:0530/224659.724:INFO:CONSOLE(1)] "ImplHandler: run job: at store: stidx  action:  runTransaction [object Object]", source: https://chat.zalo.me/search-worker.f306a78499ae47bbf6bb.js (1)
[31144:27660:0530/224659.724:INFO:CONSOLE(1)] "Uncaught (in promise) ReferenceError: Notification is not defined", source: https://stc.za.zaloapp.com/v3/za.js (1)
[31144:27660:0530/224659.860:INFO:CONSOLE(1)] "ImplHandler: run job: at store: qoslogv2  action:  runTransaction [object Object]", source: https://zalo-chat-static.zadn.vn/v1/lazy/default-embed-render.6514012bbecb8cbc1e80.js (1)
[31144:27660:0530/224659.862:INFO:CONSOLE(1)] "ImplHandler: run job: at store: friend  action:  get [object Object]", source: https://zalo-chat-static.zadn.vn/v1/lazy/default-embed-render.6514012bbecb8cbc1e80.js (1)
[31144:27660:0530/224659.863:INFO:CONSOLE(1)] "ImplHandler: run job: at store: group  action:  get [object Object]", source: https://zalo-chat-static.zadn.vn/v1/lazy/default-embed-render.6514012bbecb8cbc1e80.js (1)
[31144:27660:0530/224659.907:INFO:CONSOLE(1)] "ImplHandler: run job: at store: conversation  action:  runTransaction [object Object]", source: https://zalo-chat-static.zadn.vn/v1/lazy/default-embed-render.6514012bbecb8cbc1e80.js (1)
[31144:27660:0530/224659.908:INFO:CONSOLE(1)] "ImplHandler: run job: at store: conversation  action:  runTransaction [object Object]", source: https://zalo-chat-static.zadn.vn/v1/lazy/default-embed-render.6514012bbecb8cbc1e80.js (1)
[31144:27660:0530/224659.908:INFO:CONSOLE(1)] "ImplHandler: run job: at store: conversation  action:  runTransaction [object Object]", source: https://zalo-chat-static.zadn.vn/v1/lazy/default-embed-render.6514012bbecb8cbc1e80.js (1)
[31144:27660:0530/224659.909:INFO:CONSOLE(1)] "ImplHandler: run job: at store: conversation  action:  runTransaction [object Object]", source: https://zalo-chat-static.zadn.vn/v1/lazy/default-embed-render.6514012bbecb8cbc1e80.js (1)
[31144:27660:0530/224659.909:INFO:CONSOLE(1)] "ImplHandler: run job: at store: conversation  action:  runTransaction [object Object]", source: https://zalo-chat-static.zadn.vn/v1/lazy/default-embed-render.6514012bbecb8cbc1e80.js (1)
[31144:27660:0530/224659.909:INFO:CONSOLE(1)] "ImplHandler: run job: at store: conversation  action:  runTransaction [object Object]", source: https://zalo-chat-static.zadn.vn/v1/lazy/default-embed-render.6514012bbecb8cbc1e80.js (1)
[31144:27660:0530/224659.910:INFO:CONSOLE(1)] "ImplHandler: run job: at store: conversation  action:  runTransaction [object Object]", source: https://zalo-chat-static.zadn.vn/v1/lazy/default-embed-render.6514012bbecb8cbc1e80.js (1)
[31144:27660:0530/224659.910:INFO:CONSOLE(1)] "ImplHandler: run job: at store: conversation  action:  runTransaction [object Object]", source: https://zalo-chat-static.zadn.vn/v1/lazy/default-embed-render.6514012bbecb8cbc1e80.js (1)
[31144:27660:0530/224659.910:INFO:CONSOLE(1)] "ImplHandler: run job: at store: conversation  action:  runTransaction [object Object]", source: https://zalo-chat-static.zadn.vn/v1/lazy/default-embed-render.6514012bbecb8cbc1e80.js (1)
[31144:27660:0530/224659.911:INFO:CONSOLE(1)] "ImplHandler: run job: at store: conversation  action:  runTransaction [object Object]", source: https://zalo-chat-static.zadn.vn/v1/lazy/default-embed-render.6514012bbecb8cbc1e80.js (1)
[31144:27660:0530/224659.911:INFO:CONSOLE(1)] "ImplHandler: run job: at store: conversation  action:  runTransaction [object Object]", source: https://zalo-chat-static.zadn.vn/v1/lazy/default-embed-render.6514012bbecb8cbc1e80.js (1)
[31144:27660:0530/224659.911:INFO:CONSOLE(1)] "ImplHandler: run job: at store: conversation  action:  runTransaction [object Object]", source: https://zalo-chat-static.zadn.vn/v1/lazy/default-embed-render.6514012bbecb8cbc1e80.js (1)
[31144:27660:0530/224659.911:INFO:CONSOLE(1)] "ImplHandler: run job: at store: conversation  action:  runTransaction [object Object]", source: https://zalo-chat-static.zadn.vn/v1/lazy/default-embed-render.6514012bbecb8cbc1e80.js (1)
[31144:27660:0530/224659.912:INFO:CONSOLE(1)] "ImplHandler: run job: at store: conversation  action:  runTransaction [object Object]", source: https://zalo-chat-static.zadn.vn/v1/lazy/default-embed-render.6514012bbecb8cbc1e80.js (1)
[31144:27660:0530/224659.912:INFO:CONSOLE(1)] "ImplHandler: run job: at store: conversation  action:  runTransaction [object Object]", source: https://zalo-chat-static.zadn.vn/v1/lazy/default-embed-render.6514012bbecb8cbc1e80.js (1)
[31144:27660:0530/224659.912:INFO:CONSOLE(1)] "ImplHandler: run job: at store: conversation  action:  runTransaction [object Object]", source: https://zalo-chat-static.zadn.vn/v1/lazy/default-embed-render.6514012bbecb8cbc1e80.js (1)
[31144:27660:0530/224659.913:INFO:CONSOLE(1)] "ImplHandler: run job: at store: conversation  action:  runTransaction [object Object]", source: https://zalo-chat-static.zadn.vn/v1/lazy/default-embed-render.6514012bbecb8cbc1e80.js (1)
[31144:27660:0530/224659.913:INFO:CONSOLE(1)] "ImplHandler: run job: at store: conversation  action:  runTransaction [object Object]", source: https://zalo-chat-static.zadn.vn/v1/lazy/default-embed-render.6514012bbecb8cbc1e80.js (1)
[31144:27660:0530/224659.913:INFO:CONSOLE(1)] "ImplHandler: run job: at store: conversation  action:  runTransaction [object Object]", source: https://zalo-chat-static.zadn.vn/v1/lazy/default-embed-render.6514012bbecb8cbc1e80.js (1)
[31144:27660:0530/224659.913:INFO:CONSOLE(1)] "ImplHandler: run job: at store: conversation  action:  runTransaction [object Object]", source: https://zalo-chat-static.zadn.vn/v1/lazy/default-embed-render.6514012bbecb8cbc1e80.js (1)
[31144:27660:0530/224659.914:INFO:CONSOLE(1)] "ImplHandler: run job: at store: conversation  action:  runTransaction [object Object]", source: https://zalo-chat-static.zadn.vn/v1/lazy/default-embed-render.6514012bbecb8cbc1e80.js (1)
[31144:27660:0530/224659.914:INFO:CONSOLE(1)] "ImplHandler: run job: at store: conversation  action:  runTransaction [object Object]", source: https://zalo-chat-static.zadn.vn/v1/lazy/default-embed-render.6514012bbecb8cbc1e80.js (1)
[31144:27660:0530/224659.914:INFO:CONSOLE(1)] "ImplHandler: run job: at store: conversation  action:  runTransaction [object Object]", source: https://zalo-chat-static.zadn.vn/v1/lazy/default-embed-render.6514012bbecb8cbc1e80.js (1)
[31144:27660:0530/224659.915:INFO:CONSOLE(1)] "ImplHandler: run job: at store: conversation  action:  runTransaction [object Object]", source: https://zalo-chat-static.zadn.vn/v1/lazy/default-embed-render.6514012bbecb8cbc1e80.js (1)
[31144:27660:0530/224659.915:INFO:CONSOLE(1)] "ImplHandler: run job: at store: conversation  action:  get [object Object]", source: https://zalo-chat-static.zadn.vn/v1/lazy/default-embed-render.6514012bbecb8cbc1e80.js (1)
[31144:27660:0530/224659.916:INFO:CONSOLE(1)] "ImplHandler: run job: at store: conversation  action:  get [object Object]", source: https://zalo-chat-static.zadn.vn/v1/lazy/default-embed-render.6514012bbecb8cbc1e80.js (1)
[31144:27660:0530/224659.916:INFO:CONSOLE(1)] "ImplHandler: run job: at store: conversation  action:  get [object Object]", source: https://zalo-chat-static.zadn.vn/v1/lazy/default-embed-render.6514012bbecb8cbc1e80.js (1)
[31144:27660:0530/224659.916:INFO:CONSOLE(1)] "ImplHandler: run job: at store: conversation  action:  get [object Object]", source: https://zalo-chat-static.zadn.vn/v1/lazy/default-embed-render.6514012bbecb8cbc1e80.js (1)
[31144:27660:0530/224659.917:INFO:CONSOLE(1)] "ImplHandler: run job: at store: conversation  action:  get [object Object]", source: https://zalo-chat-static.zadn.vn/v1/lazy/default-embed-render.6514012bbecb8cbc1e80.js (1)
[31144:27660:0530/224659.917:INFO:CONSOLE(1)] "ImplHandler: run job: at store: conversation  action:  get [object Object]", source: https://zalo-chat-static.zadn.vn/v1/lazy/default-embed-render.6514012bbecb8cbc1e80.js (1)
[31144:27660:0530/224659.919:INFO:CONSOLE(1)] "[undoMessage] 1544580956219667285,1622388896828,2522832152661,1544580956219667285,9999999999999999,999999999999999999999", source: https://zalo-chat-static.zadn.vn/v1/lazy/default-embed-render.6514012bbecb8cbc1e80.js (1)
[31144:27660:0530/224659.932:INFO:CONSOLE(1)] "ImplHandler: run job: at store: message,conversation,star_message,mention,image,file,link,notifications  action:  runTransaction [object Object]", source: https://zalo-chat-static.zadn.vn/v1/lazy/default-embed-render.6514012bbecb8cbc1e80.js (1)
[31144:27660:0530/224700.175:INFO:CONSOLE(1)] "ImplHandler: run job: at store: friend  action:  get [object Object]", source: https://zalo-chat-static.zadn.vn/v1/lazy/default-embed-render.6514012bbecb8cbc1e80.js (1)
[31144:27660:0530/224700.176:INFO:CONSOLE(1)] "ImplHandler: run job: at store: friend  action:  get [object Object]", source: https://zalo-chat-static.zadn.vn/v1/lazy/default-embed-render.6514012bbecb8cbc1e80.js (1)
[31144:27660:0530/224700.176:INFO:CONSOLE(1)] "ImplHandler: run job: at store: friend  action:  get [object Object]", source: https://zalo-chat-static.zadn.vn/v1/lazy/default-embed-render.6514012bbecb8cbc1e80.js (1)
[31144:27660:0530/224700.177:INFO:CONSOLE(1)] "ImplHandler: run job: at store: friend  action:  get [object Object]", source: https://zalo-chat-static.zadn.vn/v1/lazy/default-embed-render.6514012bbecb8cbc1e80.js (1)
[31144:27660:0530/224700.177:INFO:CONSOLE(1)] "ImplHandler: run job: at store: friend  action:  get [object Object]", source: https://zalo-chat-static.zadn.vn/v1/lazy/default-embed-render.6514012bbecb8cbc1e80.js (1)
[31144:27660:0530/224700.178:INFO:CONSOLE(1)] "ImplHandler: run job: at store: group  action:  get [object Object]", source: https://zalo-chat-static.zadn.vn/v1/lazy/default-embed-render.6514012bbecb8cbc1e80.js (1)
[31144:27660:0530/224700.182:INFO:CONSOLE(1)] "ImplHandler: run job: at store: group  action:  get [object Object]", source: https://zalo-chat-static.zadn.vn/v1/lazy/default-embed-render.6514012bbecb8cbc1e80.js (1)
[31144:27660:0530/224700.183:INFO:CONSOLE(1)] "ImplHandler: run job: at store: friend  action:  get [object Object]", source: https://zalo-chat-static.zadn.vn/v1/lazy/default-embed-render.6514012bbecb8cbc1e80.js (1)
[31144:27660:0530/224700.202:INFO:CONSOLE(1)] "ImplHandler: run job: at store: avatar  action:  get [object Object]", source: https://zalo-chat-static.zadn.vn/v1/lazy/default-embed-render.6514012bbecb8cbc1e80.js (1)
[31144:27660:0530/224700.213:INFO:CONSOLE(1)] "ImplHandler: run job: at store: conversation  action:  getAll [object Object]", source: https://zalo-chat-static.zadn.vn/v1/lazy/default-embed-render.6514012bbecb8cbc1e80.js (1)
[31144:27660:0530/224700.214:INFO:CONSOLE(1)] "ImplHandler: run job: at store: friend  action:  getAll [object Object]", source: https://zalo-chat-static.zadn.vn/v1/lazy/default-embed-render.6514012bbecb8cbc1e80.js (1)
[31144:27660:0530/224700.217:INFO:CONSOLE(1)] "ImplHandler: run job: at store: friend  action:  get [object Object]", source: https://zalo-chat-static.zadn.vn/v1/lazy/default-embed-render.6514012bbecb8cbc1e80.js (1)
[31144:27660:0530/224700.217:INFO:CONSOLE(1)] "ImplHandler: run job: at store: friend  action:  get [object Object]", source: https://zalo-chat-static.zadn.vn/v1/lazy/default-embed-render.6514012bbecb8cbc1e80.js (1)
[31144:27660:0530/224700.218:INFO:CONSOLE(1)] "ImplHandler: run job: at store: ttlmsg  action:  runTransaction [object Object]", source: https://zalo-chat-static.zadn.vn/v1/lazy/default-embed-render.6514012bbecb8cbc1e80.js (1)
[31144:27660:0530/224700.261:INFO:CONSOLE(1)] "ImplHandler: run job: at store: message  action:  runTransaction [object Object]", source: https://zalo-chat-static.zadn.vn/v1/lazy/default-embed-render.6514012bbecb8cbc1e80.js (1)
[31144:27660:0530/224700.352:INFO:CONSOLE(1)] "ImplHandler: run job: at store: group  action:  addOrUpdate [object Object]", source: https://zalo-chat-static.zadn.vn/v1/lazy/default-embed-render.6514012bbecb8cbc1e80.js (1)
[31144:27660:0530/224700.353:INFO:CONSOLE(1)] "ImplHandler: run job: at store: group_info  action:  getAll [object Object]", source: https://zalo-chat-static.zadn.vn/v1/lazy/default-embed-render.6514012bbecb8cbc1e80.js (1)
[31144:27660:0530/224700.357:INFO:CONSOLE(1)] "ImplHandler: run job: at store: group  action:  get [object Object]", source: https://zalo-chat-static.zadn.vn/v1/lazy/default-embed-render.6514012bbecb8cbc1e80.js (1)
[31144:27660:0530/224700.357:INFO:CONSOLE(1)] "ImplHandler: run job: at store: group  action:  getAll [object Object]", source: https://zalo-chat-static.zadn.vn/v1/lazy/default-embed-render.6514012bbecb8cbc1e80.js (1)
[31144:27660:0530/224700.365:INFO:CONSOLE(1)] "[Req sticker & GIF]  setVersionStickerGiphySuggest: 1012", source: https://zalo-chat-static.zadn.vn/v1/lazy/default-embed-render.6514012bbecb8cbc1e80.js (1)
[31144:27660:0530/224700.365:INFO:CONSOLE(1)] "[Req sticker & GIF]  setVersionTenorToSticker: -1", source: https://zalo-chat-static.zadn.vn/v1/lazy/default-embed-render.6514012bbecb8cbc1e80.js (1)
[31144:27660:0530/224700.380:INFO:CONSOLE(1)] "[undoMessage] 8585575739411683356,1622388885456,2522831718739,8585575739411683356,9999999999999999,999999999999999999999", source: https://zalo-chat-static.zadn.vn/v1/lazy/default-embed-render.6514012bbecb8cbc1e80.js (1)
[31144:27660:0530/224700.385:INFO:CONSOLE(1)] "ImplHandler: run job: at store: MsgUrgency  action:  remove [object Object]", source: https://zalo-chat-static.zadn.vn/v1/lazy/default-embed-render.6514012bbecb8cbc1e80.js (1)
[31144:27660:0530/224700.448:INFO:CONSOLE(1)] "ImplHandler: run job: at store: group  action:  updateAttrs [object Object]", source: https://zalo-chat-static.zadn.vn/v1/lazy/default-embed-render.6514012bbecb8cbc1e80.js (1)
[31144:27660:0530/224700.475:INFO:CONSOLE(1)] "ImplHandler: run job: at store: label  action:  getAll [object Object]", source: https://zalo-chat-static.zadn.vn/v1/lazy/default-embed-render.6514012bbecb8cbc1e80.js (1)
[31144:27660:0530/224700.551:INFO:CONSOLE(1)] "ImplHandler: run job: at store: friend  action:  get [object Object]", source: https://zalo-chat-static.zadn.vn/v1/lazy/default-embed-render.6514012bbecb8cbc1e80.js (1)
[31144:27660:0530/224700.551:INFO:CONSOLE(1)] "ImplHandler: run job: at store: group  action:  get [object Object]", source: https://zalo-chat-static.zadn.vn/v1/lazy/default-embed-render.6514012bbecb8cbc1e80.js (1)
[31144:27660:0530/224700.584:INFO:CONSOLE(1)] "ImplHandler: run job: at store: message,conversation  action:  runTransaction [object Object]", source: https://zalo-chat-static.zadn.vn/v1/lazy/default-embed-render.6514012bbecb8cbc1e80.js (1)
[31144:27660:0530/224700.602:INFO:CONSOLE(1)] "ImplHandler: run job: at store: message  action:  runTransaction [object Object]", source: https://zalo-chat-static.zadn.vn/v1/lazy/default-embed-render.6514012bbecb8cbc1e80.js (1)
[31144:27660:0530/224700.709:INFO:CONSOLE(1)] "ImplHandler: run job: at store: stcont  action:  runTransaction [object Object]", source: https://chat.zalo.me/search-worker.f306a78499ae47bbf6bb.js (1)
[31144:27660:0530/224700.709:INFO:CONSOLE(1)] "ImplHandler: run job: at store: stkw  action:  runTransaction [object Object]", source: https://chat.zalo.me/search-worker.f306a78499ae47bbf6bb.js (1)
[31144:27660:0530/224700.719:INFO:CONSOLE(1)] "ImplHandler: run job: at store: message  action:  addOrUpdate [object Object]", source: https://zalo-chat-static.zadn.vn/v1/lazy/default-embed-render.6514012bbecb8cbc1e80.js (1)
[31144:27660:0530/224700.720:INFO:CONSOLE(1)] "ImplHandler: run job: at store: conversation  action:  runTransaction [object Object]", source: https://zalo-chat-static.zadn.vn/v1/lazy/default-embed-render.6514012bbecb8cbc1e80.js (1)
[31144:27660:0530/224700.788:INFO:CONSOLE(1)] "ImplHandler: run job: at store: stidx  action:  runTransaction [object Object]", source: https://chat.zalo.me/search-worker.f306a78499ae47bbf6bb.js (1)
[31144:27660:0530/224700.890:INFO:CONSOLE(1)] "ImplHandler: run job: at store: friend  action:  get [object Object]", source: https://zalo-chat-static.zadn.vn/v1/lazy/default-embed-render.6514012bbecb8cbc1e80.js (1)
[31144:27660:0530/224700.891:INFO:CONSOLE(1)] "ImplHandler: run job: at store: message  action:  get [object Object]", source: https://zalo-chat-static.zadn.vn/v1/lazy/default-embed-render.6514012bbecb8cbc1e80.js (1)
[31144:27660:0530/224700.891:INFO:CONSOLE(1)] "ImplHandler: run job: at store: message  action:  get [object Object]", source: https://zalo-chat-static.zadn.vn/v1/lazy/default-embed-render.6514012bbecb8cbc1e80.js (1)
[31144:27660:0530/224700.891:INFO:CONSOLE(1)] "ImplHandler: run job: at store: conversation  action:  runTransaction [object Object]", source: https://zalo-chat-static.zadn.vn/v1/lazy/default-embed-render.6514012bbecb8cbc1e80.js (1)
[31144:27660:0530/224700.927:INFO:CONSOLE(1)] "ImplHandler: run job: at store: message  action:  runTransaction [object Object]", source: https://zalo-chat-static.zadn.vn/v1/lazy/default-embed-render.6514012bbecb8cbc1e80.js (1)
[31144:27660:0530/224700.964:INFO:CONSOLE(1)] "ImplHandler: run job: at store: message  action:  updateAttrs [object Object]", source: https://zalo-chat-static.zadn.vn/v1/lazy/default-embed-render.6514012bbecb8cbc1e80.js (1)
[31144:27660:0530/224700.965:INFO:CONSOLE(1)] "ImplHandler: run job: at store: message  action:  updateAttrs [object Object]", source: https://zalo-chat-static.zadn.vn/v1/lazy/default-embed-render.6514012bbecb8cbc1e80.js (1)
[31144:27660:0530/224700.985:INFO:CONSOLE(1)] "ImplHandler: run job: at store: message  action:  runTransaction [object Object]", source: https://zalo-chat-static.zadn.vn/v1/lazy/default-embed-render.6514012bbecb8cbc1e80.js (1)
[31144:27660:0530/224701.048:INFO:CONSOLE(1)] "ImplHandler: run job: at store: message  action:  runTransaction [object Object]", source: https://zalo-chat-static.zadn.vn/v1/lazy/default-embed-render.6514012bbecb8cbc1e80.js (1)
[31144:27660:0530/224701.221:INFO:CONSOLE(1)] "ImplHandler: run job: at store: message  action:  runTransaction [object Object]", source: https://zalo-chat-static.zadn.vn/v1/lazy/default-embed-render.6514012bbecb8cbc1e80.js (1)
[31144:27660:0530/224701.235:INFO:CONSOLE(1)] "ImplHandler: run job: at store: message  action:  runTransaction [object Object]", source: https://zalo-chat-static.zadn.vn/v1/lazy/default-embed-render.6514012bbecb8cbc1e80.js (1)
[31144:27660:0530/224701.249:INFO:CONSOLE(1)] "ImplHandler: run job: at store: message  action:  runTransaction [object Object]", source: https://zalo-chat-static.zadn.vn/v1/lazy/default-embed-render.6514012bbecb8cbc1e80.js (1)
[31144:27660:0530/224701.313:INFO:CONSOLE(1)] "ImplHandler: run job: at store: qoslogv2  action:  runTransaction [object Object]", source: https://zalo-chat-static.zadn.vn/v1/lazy/default-embed-render.6514012bbecb8cbc1e80.js (1)
[31144:27660:0530/224701.396:INFO:CONSOLE(1)] "ImplHandler: run job: at store: conversation  action:  get [object Object]", source: https://zalo-chat-static.zadn.vn/v1/lazy/default-embed-render.6514012bbecb8cbc1e80.js (1)
[31144:27660:0530/224701.396:INFO:CONSOLE(1)] "ImplHandler: run job: at store: conversation  action:  get [object Object]", source: https://zalo-chat-static.zadn.vn/v1/lazy/default-embed-render.6514012bbecb8cbc1e80.js (1)
[31144:27660:0530/224701.397:INFO:CONSOLE(1)] "ImplHandler: run job: at store: conversation  action:  get [object Object]", source: https://zalo-chat-static.zadn.vn/v1/lazy/default-embed-render.6514012bbecb8cbc1e80.js (1)
[31144:27660:0530/224701.397:INFO:CONSOLE(1)] "ImplHandler: run job: at store: conversation  action:  get [object Object]", source: https://zalo-chat-static.zadn.vn/v1/lazy/default-embed-render.6514012bbecb8cbc1e80.js (1)
[31144:27660:0530/224701.397:INFO:CONSOLE(1)] "ImplHandler: run job: at store: conversation  action:  get [object Object]", source: https://zalo-chat-static.zadn.vn/v1/lazy/default-embed-render.6514012bbecb8cbc1e80.js (1)
[31144:27660:0530/224701.441:INFO:CONSOLE(1)] "ImplHandler: run job: at store: friend  action:  getAll [object Object]", source: https://zalo-chat-static.zadn.vn/v1/lazy/default-embed-render.6514012bbecb8cbc1e80.js (1)
[31144:27660:0530/224701.441:INFO:CONSOLE(1)] "ImplHandler: run job: at store: friend  action:  get [object Object]", source: https://zalo-chat-static.zadn.vn/v1/lazy/default-embed-render.6514012bbecb8cbc1e80.js (1)
[31144:27660:0530/224701.442:INFO:CONSOLE(1)] "ImplHandler: run job: at store: friend  action:  get [object Object]", source: https://zalo-chat-static.zadn.vn/v1/lazy/default-embed-render.6514012bbecb8cbc1e80.js (1)
[31144:27660:0530/224701.459:INFO:CONSOLE(1)] "ImplHandler: run job: at store: message  action:  runTransaction [object Object]", source: https://zalo-chat-static.zadn.vn/v1/lazy/default-embed-render.6514012bbecb8cbc1e80.js (1)
[31144:27660:0530/224701.501:INFO:CONSOLE(1)] "focus-detector: wakeup", source: https://zalo-chat-static.zadn.vn/v1/lazy/default-embed-render.6514012bbecb8cbc1e80.js (1)
[31144:27660:0530/224701.514:INFO:CONSOLE(1)] "ImplHandler: run job: at store: label  action:  getAll [object Object]", source: https://zalo-chat-static.zadn.vn/v1/lazy/default-embed-render.6514012bbecb8cbc1e80.js (1)
[31144:27660:0530/224701.516:INFO:CONSOLE(1)] "ImplHandler: run job: at store: stkw,stidx,stcont  action:  runTransaction [object Object]", source: https://chat.zalo.me/search-worker.f306a78499ae47bbf6bb.js (1)
[31144:27660:0530/224701.519:INFO:CONSOLE(1)] "ImplHandler: run job: at store: stkw,stidx,stcont  action:  runTransaction [object Object]", source: https://chat.zalo.me/search-worker.f306a78499ae47bbf6bb.js (1)
[31144:27660:0530/224701.519:INFO:CONSOLE(1)] "ImplHandler: run job: at store: file  action:  get [object Object]", source: https://zalo-chat-static.zadn.vn/v1/lazy/default-embed-render.6514012bbecb8cbc1e80.js (1)
[31144:27660:0530/224701.902:INFO:CONSOLE(1)] "ImplHandler: run job: at store: friend  action:  get [object Object]", source: https://zalo-chat-static.zadn.vn/v1/lazy/default-embed-render.6514012bbecb8cbc1e80.js (1)
[31144:27660:0530/224701.903:INFO:CONSOLE(1)] "ImplHandler: run job: at store: friend  action:  runTransaction [object Object]", source: https://zalo-chat-static.zadn.vn/v1/lazy/default-embed-render.6514012bbecb8cbc1e80.js (1)
[31144:27660:0530/224702.272:INFO:CONSOLE(1)] "ImplHandler: run job: at store: friend  action:  getAll [object Object]", source: https://zalo-chat-static.zadn.vn/v1/lazy/default-embed-render.6514012bbecb8cbc1e80.js (1)
[31144:27660:0530/224702.569:INFO:CONSOLE(1)] "ImplHandler: run job: at store: friend  action:  get [object Object]", source: https://zalo-chat-static.zadn.vn/v1/lazy/default-embed-render.6514012bbecb8cbc1e80.js (1)
[31144:27660:0530/224702.571:INFO:CONSOLE(1)] "ImplHandler: run job: at store: friend  action:  addOrUpdate [object Object]", source: https://zalo-chat-static.zadn.vn/v1/lazy/default-embed-render.6514012bbecb8cbc1e80.js (1)
[31144:27660:0530/224702.573:INFO:CONSOLE(1)] "ImplHandler: run job: at store: friend  action:  addOrUpdate [object Object]", source: https://zalo-chat-static.zadn.vn/v1/lazy/default-embed-render.6514012bbecb8cbc1e80.js (1)
[31144:27660:0530/224702.803:INFO:CONSOLE(1)] "PreviewThumb worker is up and running", source: https://chat.zalo.me/preview-thumb-worker.f306a78499ae47bbf6bb.js (1)
[31144:27660:0530/224705.509:INFO:CONSOLE(1)] "chat-box-list lastHeight 0", source: https://zalo-chat-static.zadn.vn/v1/lazy/default-embed-render.6514012bbecb8cbc1e80.js (1)
[31144:27660:0530/224705.516:INFO:CONSOLE(1)] "conv-quick-action: render", source: https://zalo-chat-static.zadn.vn/v1/lazy/default-embed-render.6514012bbecb8cbc1e80.js (1)
[31144:27660:0530/224705.517:INFO:CONSOLE(1)] "ImplHandler: run job: at store: avatar  action:  get [object Object]", source: https://zalo-chat-static.zadn.vn/v1/lazy/default-embed-render.6514012bbecb8cbc1e80.js (1)
[31144:27660:0530/224705.536:INFO:CONSOLE(1)] "ImplHandler: run job: at store: label  action:  getAll [object Object]", source: https://zalo-chat-static.zadn.vn/v1/lazy/default-embed-render.6514012bbecb8cbc1e80.js (1)
[31144:27660:0530/224705.550:INFO:CONSOLE(1)] "ImplHandler: run job: at store: conversation  action:  updateAttrs [object Object]", source: https://zalo-chat-static.zadn.vn/v1/lazy/default-embed-render.6514012bbecb8cbc1e80.js (1)
[31144:27660:0530/224705.552:INFO:CONSOLE(1)] "conv-quick-action: mount 8585575739411683356", source: https://zalo-chat-static.zadn.vn/v1/lazy/default-embed-render.6514012bbecb8cbc1e80.js (1)
[31144:27660:0530/224705.557:INFO:CONSOLE(1)] "conv-quick-action: render", source: https://zalo-chat-static.zadn.vn/v1/lazy/default-embed-render.6514012bbecb8cbc1e80.js (1)
[31144:27660:0530/224705.577:INFO:CONSOLE(1)] "conv-quick-action: render", source: https://zalo-chat-static.zadn.vn/v1/lazy/default-embed-render.6514012bbecb8cbc1e80.js (1)
[31144:27660:0530/224705.584:INFO:CONSOLE(0)] "ResizeObserver loop limit exceeded", source: https://chat.zalo.me/ (0)
[31144:27660:0530/224705.591:INFO:CONSOLE(1)] "ImplHandler: run job: at store: message  action:  runTransaction [object Object]", source: https://zalo-chat-static.zadn.vn/v1/lazy/default-embed-render.6514012bbecb8cbc1e80.js (1)
[31144:27660:0530/224705.591:INFO:CONSOLE(1)] "ImplHandler: run job: at store: friend  action:  get [object Object]", source: https://zalo-chat-static.zadn.vn/v1/lazy/default-embed-render.6514012bbecb8cbc1e80.js (1)
[31144:27660:0530/224705.633:INFO:CONSOLE(1)] "ImplHandler: run job: at store: friend  action:  addOrUpdate [object Object]", source: https://zalo-chat-static.zadn.vn/v1/lazy/default-embed-render.6514012bbecb8cbc1e80.js (1)
[31144:27660:0530/224705.648:INFO:CONSOLE(1)] "conv-quick-action: render", source: https://zalo-chat-static.zadn.vn/v1/lazy/default-embed-render.6514012bbecb8cbc1e80.js (1)
[31144:27660:0530/224705.655:INFO:CONSOLE(1)] "conv-quick-action: render", source: https://zalo-chat-static.zadn.vn/v1/lazy/default-embed-render.6514012bbecb8cbc1e80.js (1)
[31144:27660:0530/224705.663:INFO:CONSOLE(1)] "conv-quick-action: render", source: https://zalo-chat-static.zadn.vn/v1/lazy/default-embed-render.6514012bbecb8cbc1e80.js (1)
[31144:27660:0530/224706.656:INFO:CONSOLE(1)] "ImplHandler: run job: at store: friend  action:  get [object Object]", source: https://zalo-chat-static.zadn.vn/v1/lazy/default-embed-render.6514012bbecb8cbc1e80.js (1)
[31144:27660:0530/224706.673:INFO:CONSOLE(1)] "ImplHandler: run job: at store: message  action:  runTransaction [object Object]", source: https://zalo-chat-static.zadn.vn/v1/lazy/default-embed-render.6514012bbecb8cbc1e80.js (1)
[31144:27660:0530/224708.990:INFO:CONSOLE(1)] "ImplHandler: run job: at store: message  action:  count [object Object]", source: https://zalo-chat-static.zadn.vn/v1/lazy/default-embed-render.6514012bbecb8cbc1e80.js (1)
[31144:27660:0530/224710.800:INFO:CONSOLE(1)] "ImplHandler: run job: at store: message,conversation  action:  runTransaction [object Object]", source: https://zalo-chat-static.zadn.vn/v1/lazy/default-embed-render.6514012bbecb8cbc1e80.js (1)
[31144:27660:0530/224710.813:INFO:CONSOLE(1)] "conv-quick-action: render", source: https://zalo-chat-static.zadn.vn/v1/lazy/default-embed-render.6514012bbecb8cbc1e80.js (1)
[31144:27660:0530/224710.828:INFO:CONSOLE(1)] "conv-quick-action: render", source: https://zalo-chat-static.zadn.vn/v1/lazy/default-embed-render.6514012bbecb8cbc1e80.js (1)
[31144:27660:0530/224710.844:INFO:CONSOLE(1)] "ImplHandler: run job: at store: message  action:  runTransaction [object Object]", source: https://zalo-chat-static.zadn.vn/v1/lazy/default-embed-render.6514012bbecb8cbc1e80.js (1)
[31144:27660:0530/224710.850:INFO:CONSOLE(1)] "conv-quick-action: render", source: https://zalo-chat-static.zadn.vn/v1/lazy/default-embed-render.6514012bbecb8cbc1e80.js (1)
[31144:27660:0530/224710.855:INFO:CONSOLE(1)] "ImplHandler: run job: at store: reaction  action:  get [object Object]", source: https://zalo-chat-static.zadn.vn/v1/lazy/default-embed-render.6514012bbecb8cbc1e80.js (1)
[31144:27660:0530/224710.864:INFO:CONSOLE(1)] "ImplHandler: run job: at store: stcont  action:  runTransaction [object Object]", source: https://chat.zalo.me/search-worker.f306a78499ae47bbf6bb.js (1)
[31144:27660:0530/224710.864:INFO:CONSOLE(1)] "ImplHandler: run job: at store: stkw  action:  runTransaction [object Object]", source: https://chat.zalo.me/search-worker.f306a78499ae47bbf6bb.js (1)
[31144:27660:0530/224710.867:INFO:CONSOLE(1)] "conv-quick-action: render", source: https://zalo-chat-static.zadn.vn/v1/lazy/default-embed-render.6514012bbecb8cbc1e80.js (1)
[31144:27660:0530/224710.884:INFO:CONSOLE(1)] "ImplHandler: run job: at store: message  action:  addOrUpdate [object Object]", source: https://zalo-chat-static.zadn.vn/v1/lazy/default-embed-render.6514012bbecb8cbc1e80.js (1)
[31144:27660:0530/224710.885:INFO:CONSOLE(1)] "ImplHandler: run job: at store: conversation  action:  runTransaction [object Object]", source: https://zalo-chat-static.zadn.vn/v1/lazy/default-embed-render.6514012bbecb8cbc1e80.js (1)
[31144:27660:0530/224710.918:INFO:CONSOLE(1)] "ImplHandler: run job: at store: stidx  action:  runTransaction [object Object]", source: https://chat.zalo.me/search-worker.f306a78499ae47bbf6bb.js (1)
[31144:27660:0530/224711.075:INFO:CONSOLE(1)] "ImplHandler: run job: at store: friend  action:  get [object Object]", source: https://zalo-chat-static.zadn.vn/v1/lazy/default-embed-render.6514012bbecb8cbc1e80.js (1)
[31144:27660:0530/224711.081:INFO:CONSOLE(1)] "conv-quick-action: render", source: https://zalo-chat-static.zadn.vn/v1/lazy/default-embed-render.6514012bbecb8cbc1e80.js (1)
[31144:27660:0530/224711.090:INFO:CONSOLE(1)] "conv-quick-action: render", source: https://zalo-chat-static.zadn.vn/v1/lazy/default-embed-render.6514012bbecb8cbc1e80.js (1)
[31144:27660:0530/224712.099:INFO:CONSOLE(1)] "ImplHandler: run job: at store: message  action:  runTransaction [object Object]", source: https://zalo-chat-static.zadn.vn/v1/lazy/default-embed-render.6514012bbecb8cbc1e80.js (1)
[31144:27660:0530/224712.881:INFO:CONSOLE(1)] "ImplHandler: run job: at store: conversation  action:  get [object Object]", source: https://zalo-chat-static.zadn.vn/v1/lazy/default-embed-render.6514012bbecb8cbc1e80.js (1)
[31144:27660:0530/224712.882:INFO:CONSOLE(1)] "ImplHandler: run job: at store: conversation  action:  get [object Object]", source: https://zalo-chat-static.zadn.vn/v1/lazy/default-embed-render.6514012bbecb8cbc1e80.js (1)
[31144:27660:0530/224712.882:INFO:CONSOLE(1)] "ImplHandler: run job: at store: conversation  action:  get [object Object]", source: https://zalo-chat-static.zadn.vn/v1/lazy/default-embed-render.6514012bbecb8cbc1e80.js (1)
[31144:27660:0530/224712.883:INFO:CONSOLE(1)] "ImplHandler: run job: at store: conversation  action:  get [object Object]", source: https://zalo-chat-static.zadn.vn/v1/lazy/default-embed-render.6514012bbecb8cbc1e80.js (1)
[31144:27660:0530/224712.883:INFO:CONSOLE(1)] "ImplHandler: run job: at store: conversation  action:  get [object Object]", source: https://zalo-chat-static.zadn.vn/v1/lazy/default-embed-render.6514012bbecb8cbc1e80.js (1)
[31144:27660:0530/224712.887:INFO:CONSOLE(1)] "ImplHandler: run job: at store: friend  action:  get [object Object]", source: https://zalo-chat-static.zadn.vn/v1/lazy/default-embed-render.6514012bbecb8cbc1e80.js (1)
[31144:27660:0530/224712.888:INFO:CONSOLE(1)] "ImplHandler: run job: at store: friend  action:  get [object Object]", source: https://zalo-chat-static.zadn.vn/v1/lazy/default-embed-render.6514012bbecb8cbc1e80.js (1)
[31144:27660:0530/224712.992:INFO:CONSOLE(1)] "ImplHandler: run job: at store: label  action:  getAll [object Object]", source: https://zalo-chat-static.zadn.vn/v1/lazy/default-embed-render.6514012bbecb8cbc1e80.js (1)
[31144:27660:0530/224712.993:INFO:CONSOLE(1)] "ImplHandler: run job: at store: stkw,stidx,stcont  action:  runTransaction [object Object]", source: https://chat.zalo.me/search-worker.f306a78499ae47bbf6bb.js (1)
[31144:27660:0530/224712.997:INFO:CONSOLE(1)] "ImplHandler: run job: at store: stkw,stidx,stcont  action:  runTransaction [object Object]", source: https://chat.zalo.me/search-worker.f306a78499ae47bbf6bb.js (1)
[31144:27660:0530/224712.997:INFO:CONSOLE(1)] "ImplHandler: run job: at store: file  action:  get [object Object]", source: https://zalo-chat-static.zadn.vn/v1/lazy/default-embed-render.6514012bbecb8cbc1e80.js (1)
[31144:27660:0530/224713.640:INFO:CONSOLE(1)] "ImplHandler: run job: at store: conversation  action:  runTransaction [object Object]", source: https://zalo-chat-static.zadn.vn/v1/lazy/default-embed-render.6514012bbecb8cbc1e80.js (1)
[31144:27660:0530/224714.557:INFO:CONSOLE(1)] "conv-quick-action: clear on 15s 8585575739411683356", source: https://zalo-chat-static.zadn.vn/v1/lazy/default-embed-render.6514012bbecb8cbc1e80.js (1)
[31144:27660:0530/224716.982:INFO:CONSOLE(1)] "conv-pos-controler: not enough scrollTop 8585575739411683356 68 618 550", source: https://zalo-chat-static.zadn.vn/v1/lazy/default-embed-render.6514012bbecb8cbc1e80.js (1)
[31144:27660:0530/224716.988:INFO:CONSOLE(1)] "conv-quick-action: render", source: https://zalo-chat-static.zadn.vn/v1/lazy/default-embed-render.6514012bbecb8cbc1e80.js (1)
[31144:27660:0530/224716.988:INFO:CONSOLE(1)] "ImplHandler: run job: at store: avatar  action:  get [object Object]", source: https://zalo-chat-static.zadn.vn/v1/lazy/default-embed-render.6514012bbecb8cbc1e80.js (1)
[31144:27660:0530/224716.992:INFO:CONSOLE(1)] "ImplHandler: run job: at store: conversation  action:  updateAttrs [object Object]", source: https://zalo-chat-static.zadn.vn/v1/lazy/default-embed-render.6514012bbecb8cbc1e80.js (1)
[31144:27660:0530/224716.992:INFO:CONSOLE(1)] "conv-quick-action: unmount 8585575739411683356", source: https://zalo-chat-static.zadn.vn/v1/lazy/default-embed-render.6514012bbecb8cbc1e80.js (1)
[31144:27660:0530/224716.992:INFO:CONSOLE(1)] "conv-quick-action: unmount 8585575739411683356", source: https://zalo-chat-static.zadn.vn/v1/lazy/default-embed-render.6514012bbecb8cbc1e80.js (1)
[31144:27660:0530/224716.992:INFO:CONSOLE(1)] "conv-quick-action: mount 1544580956219667285", source: https://zalo-chat-static.zadn.vn/v1/lazy/default-embed-render.6514012bbecb8cbc1e80.js (1)
[31144:27660:0530/224716.996:INFO:CONSOLE(1)] "conv-quick-action: render", source: https://zalo-chat-static.zadn.vn/v1/lazy/default-embed-render.6514012bbecb8cbc1e80.js (1)
[31144:27660:0530/224717.013:INFO:CONSOLE(1)] "ImplHandler: run job: at store: message  action:  runTransaction [object Object]", source: https://zalo-chat-static.zadn.vn/v1/lazy/default-embed-render.6514012bbecb8cbc1e80.js (1)
[31144:27660:0530/224717.013:INFO:CONSOLE(1)] "ImplHandler: run job: at store: friend  action:  get [object Object]", source: https://zalo-chat-static.zadn.vn/v1/lazy/default-embed-render.6514012bbecb8cbc1e80.js (1)
[31144:27660:0530/224717.086:INFO:CONSOLE(1)] "conv-quick-action: render", source: https://zalo-chat-static.zadn.vn/v1/lazy/default-embed-render.6514012bbecb8cbc1e80.js (1)
[31144:27660:0530/224717.091:INFO:CONSOLE(1)] "ImplHandler: run job: at store: friend  action:  addOrUpdate [object Object]", source: https://zalo-chat-static.zadn.vn/v1/lazy/default-embed-render.6514012bbecb8cbc1e80.js (1)
[31144:27660:0530/224717.123:INFO:CONSOLE(1)] "conv-quick-action: render", source: https://zalo-chat-static.zadn.vn/v1/lazy/default-embed-render.6514012bbecb8cbc1e80.js (1)
[31144:27660:0530/224717.142:INFO:CONSOLE(1)] "conv-quick-action: render", source: https://zalo-chat-static.zadn.vn/v1/lazy/default-embed-render.6514012bbecb8cbc1e80.js (1)
[31144:27660:0530/224718.102:INFO:CONSOLE(1)] "ImplHandler: run job: at store: friend  action:  get [object Object]", source: https://zalo-chat-static.zadn.vn/v1/lazy/default-embed-render.6514012bbecb8cbc1e80.js (1)
[31144:27660:0530/224718.148:INFO:CONSOLE(1)] "ImplHandler: run job: at store: message  action:  runTransaction [object Object]", source: https://zalo-chat-static.zadn.vn/v1/lazy/default-embed-render.6514012bbecb8cbc1e80.js (1)
[31144:27660:0530/224722.143:INFO:CONSOLE(1)] "ImplHandler: run job: at store: message,conversation  action:  runTransaction [object Object]", source: https://zalo-chat-static.zadn.vn/v1/lazy/default-embed-render.6514012bbecb8cbc1e80.js (1)
[31144:27660:0530/224722.151:INFO:CONSOLE(1)] "conv-quick-action: render", source: https://zalo-chat-static.zadn.vn/v1/lazy/default-embed-render.6514012bbecb8cbc1e80.js (1)
[31144:27660:0530/224722.163:INFO:CONSOLE(1)] "conv-quick-action: render", source: https://zalo-chat-static.zadn.vn/v1/lazy/default-embed-render.6514012bbecb8cbc1e80.js (1)
[31144:27660:0530/224722.176:INFO:CONSOLE(1)] "ImplHandler: run job: at store: message  action:  runTransaction [object Object]", source: https://zalo-chat-static.zadn.vn/v1/lazy/default-embed-render.6514012bbecb8cbc1e80.js (1)
[31144:27660:0530/224722.179:INFO:CONSOLE(1)] "conv-quick-action: render", source: https://zalo-chat-static.zadn.vn/v1/lazy/default-embed-render.6514012bbecb8cbc1e80.js (1)
[31144:27660:0530/224722.184:INFO:CONSOLE(1)] "ImplHandler: run job: at store: reaction  action:  get [object Object]", source: https://zalo-chat-static.zadn.vn/v1/lazy/default-embed-render.6514012bbecb8cbc1e80.js (1)
[31144:27660:0530/224722.188:INFO:CONSOLE(1)] "ImplHandler: run job: at store: stcont  action:  runTransaction [object Object]", source: https://chat.zalo.me/search-worker.f306a78499ae47bbf6bb.js (1)
[31144:27660:0530/224722.188:INFO:CONSOLE(1)] "ImplHandler: run job: at store: stkw  action:  runTransaction [object Object]", source: https://chat.zalo.me/search-worker.f306a78499ae47bbf6bb.js (1)
[31144:27660:0530/224722.191:INFO:CONSOLE(1)] "conv-quick-action: render", source: https://zalo-chat-static.zadn.vn/v1/lazy/default-embed-render.6514012bbecb8cbc1e80.js (1)
[31144:27660:0530/224722.200:INFO:CONSOLE(1)] "ImplHandler: run job: at store: message  action:  addOrUpdate [object Object]", source: https://zalo-chat-static.zadn.vn/v1/lazy/default-embed-render.6514012bbecb8cbc1e80.js (1)
[31144:27660:0530/224722.200:INFO:CONSOLE(1)] "ImplHandler: run job: at store: conversation  action:  runTransaction [object Object]", source: https://zalo-chat-static.zadn.vn/v1/lazy/default-embed-render.6514012bbecb8cbc1e80.js (1)
[31144:27660:0530/224722.318:INFO:CONSOLE(1)] "ImplHandler: run job: at store: stidx  action:  runTransaction [object Object]", source: https://chat.zalo.me/search-worker.f306a78499ae47bbf6bb.js (1)
[31144:27660:0530/224722.449:INFO:CONSOLE(1)] "ImplHandler: run job: at store: friend  action:  get [object Object]", source: https://zalo-chat-static.zadn.vn/v1/lazy/default-embed-render.6514012bbecb8cbc1e80.js (1)
[31144:27660:0530/224722.455:INFO:CONSOLE(1)] "conv-quick-action: render", source: https://zalo-chat-static.zadn.vn/v1/lazy/default-embed-render.6514012bbecb8cbc1e80.js (1)
[31144:27660:0530/224722.464:INFO:CONSOLE(1)] "conv-quick-action: render", source: https://zalo-chat-static.zadn.vn/v1/lazy/default-embed-render.6514012bbecb8cbc1e80.js (1)
[31144:27660:0530/224723.467:INFO:CONSOLE(1)] "ImplHandler: run job: at store: message  action:  runTransaction [object Object]", source: https://zalo-chat-static.zadn.vn/v1/lazy/default-embed-render.6514012bbecb8cbc1e80.js (1)
[31144:27660:0530/224726.052:WARNING:pref_notifier_impl.cc(40)] Pref observer for media_router.cast_allow_all_ips found at shutdown.
